<?xml version="1.0" encoding="UTF-8"?>
<testng-results ignored="0" total="1" passed="1" failed="0" skipped="0">
  <reporter-output>
  </reporter-output>
  <suite started-at="2023-11-20T15:18:40Z" name="Default suite" finished-at="2023-11-20T15:18:45Z" duration-ms="4774">
    <groups>
    </groups>
    <test started-at="2023-11-20T15:18:40Z" name="Default test" finished-at="2023-11-20T15:18:45Z" duration-ms="4774">
      <class name="test.TestNG">
        <test-method is-config="true" signature="setUpTest()[pri:0, instance:test.TestNG@57bc27f5]" started-at="2023-11-20T20:48:40Z" name="setUpTest" finished-at="2023-11-20T20:48:42Z" duration-ms="1762" status="PASS">
          <reporter-output>
          </reporter-output>
        </test-method> <!-- setUpTest -->
        <test-method signature="googleSearch()[pri:0, instance:test.TestNG@57bc27f5]" started-at="2023-11-20T20:48:42Z" name="googleSearch" finished-at="2023-11-20T20:48:44Z" duration-ms="2612" status="PASS">
          <reporter-output>
          </reporter-output>
        </test-method> <!-- googleSearch -->
        <test-method is-config="true" signature="testTearDown()[pri:0, instance:test.TestNG@57bc27f5]" started-at="2023-11-20T20:48:44Z" name="testTearDown" finished-at="2023-11-20T20:48:45Z" duration-ms="386" status="PASS">
          <reporter-output>
          </reporter-output>
        </test-method> <!-- testTearDown -->
      </class> <!-- test.TestNG -->
    </test> <!-- Default test -->
  </suite> <!-- Default suite -->
</testng-results>
